Copyright 1986-2022 Xilinx, Inc. All Rights Reserved.
---------------------------------------------------------------------------------------------------------------------------------
| Tool Version : Vivado v.2022.2 (win64) Build 3671981 Fri Oct 14 05:00:03 MDT 2022
| Date         : Tue Dec 19 03:05:19 2023
| Host         : RaijinPC running 64-bit major release  (build 9200)
| Command      : report_drc -file OTTER_Wrapper_drc_routed.rpt -pb OTTER_Wrapper_drc_routed.pb -rpx OTTER_Wrapper_drc_routed.rpx
| Design       : OTTER_Wrapper
| Device       : xc7a35tcpg236-1
| Speed File   : -1
| Design State : Fully Routed
---------------------------------------------------------------------------------------------------------------------------------

Report DRC

Table of Contents
-----------------
1. REPORT SUMMARY
2. REPORT DETAILS

1. REPORT SUMMARY
-----------------
            Netlist: netlist
          Floorplan: design_1
      Design limits: <entire design considered>
           Ruledeck: default
             Max violations: <unlimited>
             Violations found: 65
+----------+------------------+-----------------------------------------------------+------------+
| Rule     | Severity         | Description                                         | Violations |
+----------+------------------+-----------------------------------------------------+------------+
| LUTLP-1  | Critical Warning | Combinatorial Loop Alert                            | 32         |
| CFGBVS-1 | Warning          | Missing CFGBVS and CONFIG_VOLTAGE Design Properties | 1          |
| DPIP-1   | Warning          | Input pipelining                                    | 16         |
| DPOP-1   | Warning          | PREG Output pipelining                              | 8          |
| DPOP-2   | Warning          | MREG Output pipelining                              | 8          |
+----------+------------------+-----------------------------------------------------+------------+

2. REPORT DETAILS
-----------------
LUTLP-1#1 Critical Warning
Combinatorial Loop Alert  
1 LUT cells form a combinatorial loop. This can create a race condition. Timing analysis may not be accurate. The preferred resolution is to modify the design to remove combinatorial logic loops. If the loop is known and understood, this DRC can be bypassed by acknowledging the condition and setting the following XDC constraint on any one of the nets in the loop: 'set_property ALLOW_COMBINATORIAL_LOOPS TRUE [get_nets <myHier/myNet>]'. One net in the loop is my_otter/pipeline_reg_D_E/data_out[18]_i_3_n_0. Please evaluate your design. The cells in the loop are: my_otter/pipeline_reg_D_E/data_out[18]_i_3.
Related violations: <none>

LUTLP-1#2 Critical Warning
Combinatorial Loop Alert  
1 LUT cells form a combinatorial loop. This can create a race condition. Timing analysis may not be accurate. The preferred resolution is to modify the design to remove combinatorial logic loops. If the loop is known and understood, this DRC can be bypassed by acknowledging the condition and setting the following XDC constraint on any one of the nets in the loop: 'set_property ALLOW_COMBINATORIAL_LOOPS TRUE [get_nets <myHier/myNet>]'. One net in the loop is my_otter/pipeline_reg_D_E/data_out[23]_i_3_n_0. Please evaluate your design. The cells in the loop are: my_otter/pipeline_reg_D_E/data_out[23]_i_3.
Related violations: <none>

LUTLP-1#3 Critical Warning
Combinatorial Loop Alert  
1 LUT cells form a combinatorial loop. This can create a race condition. Timing analysis may not be accurate. The preferred resolution is to modify the design to remove combinatorial logic loops. If the loop is known and understood, this DRC can be bypassed by acknowledging the condition and setting the following XDC constraint on any one of the nets in the loop: 'set_property ALLOW_COMBINATORIAL_LOOPS TRUE [get_nets <myHier/myNet>]'. One net in the loop is my_otter/pipeline_reg_D_E/data_out[26]_i_3_n_0. Please evaluate your design. The cells in the loop are: my_otter/pipeline_reg_D_E/data_out[26]_i_3.
Related violations: <none>

LUTLP-1#4 Critical Warning
Combinatorial Loop Alert  
1 LUT cells form a combinatorial loop. This can create a race condition. Timing analysis may not be accurate. The preferred resolution is to modify the design to remove combinatorial logic loops. If the loop is known and understood, this DRC can be bypassed by acknowledging the condition and setting the following XDC constraint on any one of the nets in the loop: 'set_property ALLOW_COMBINATORIAL_LOOPS TRUE [get_nets <myHier/myNet>]'. One net in the loop is my_otter/pipeline_reg_D_E/data_out[2]_i_3_n_0. Please evaluate your design. The cells in the loop are: my_otter/pipeline_reg_D_E/data_out[2]_i_3.
Related violations: <none>

LUTLP-1#5 Critical Warning
Combinatorial Loop Alert  
1 LUT cells form a combinatorial loop. This can create a race condition. Timing analysis may not be accurate. The preferred resolution is to modify the design to remove combinatorial logic loops. If the loop is known and understood, this DRC can be bypassed by acknowledging the condition and setting the following XDC constraint on any one of the nets in the loop: 'set_property ALLOW_COMBINATORIAL_LOOPS TRUE [get_nets <myHier/myNet>]'. One net in the loop is my_otter/pipeline_reg_D_E/data_out[30]_i_3_n_0. Please evaluate your design. The cells in the loop are: my_otter/pipeline_reg_D_E/data_out[30]_i_3.
Related violations: <none>

LUTLP-1#6 Critical Warning
Combinatorial Loop Alert  
1 LUT cells form a combinatorial loop. This can create a race condition. Timing analysis may not be accurate. The preferred resolution is to modify the design to remove combinatorial logic loops. If the loop is known and understood, this DRC can be bypassed by acknowledging the condition and setting the following XDC constraint on any one of the nets in the loop: 'set_property ALLOW_COMBINATORIAL_LOOPS TRUE [get_nets <myHier/myNet>]'. One net in the loop is my_otter/pipeline_reg_D_E/data_out[31]_i_5_n_0. Please evaluate your design. The cells in the loop are: my_otter/pipeline_reg_D_E/data_out[31]_i_5.
Related violations: <none>

LUTLP-1#7 Critical Warning
Combinatorial Loop Alert  
2 LUT cells form a combinatorial loop. This can create a race condition. Timing analysis may not be accurate. The preferred resolution is to modify the design to remove combinatorial logic loops. If the loop is known and understood, this DRC can be bypassed by acknowledging the condition and setting the following XDC constraint on any one of the nets in the loop: 'set_property ALLOW_COMBINATORIAL_LOOPS TRUE [get_nets <myHier/myNet>]'. One net in the loop is my_otter/pipeline_reg_D_E/alu_src_E_reg_0[0]. Please evaluate your design. The cells in the loop are: my_otter/pipeline_reg_D_E/ALU_result_M[0]_i_1
my_otter/pipeline_reg_D_E/ALU_result_M[0]_i_5.
Related violations: <none>

LUTLP-1#8 Critical Warning
Combinatorial Loop Alert  
2 LUT cells form a combinatorial loop. This can create a race condition. Timing analysis may not be accurate. The preferred resolution is to modify the design to remove combinatorial logic loops. If the loop is known and understood, this DRC can be bypassed by acknowledging the condition and setting the following XDC constraint on any one of the nets in the loop: 'set_property ALLOW_COMBINATORIAL_LOOPS TRUE [get_nets <myHier/myNet>]'. One net in the loop is my_otter/pipeline_reg_D_E/alu_src_E_reg_0[10]. Please evaluate your design. The cells in the loop are: my_otter/pipeline_reg_D_E/ALU_result_M[10]_i_1
my_otter/pipeline_reg_D_E/ALU_result_M[10]_i_6.
Related violations: <none>

LUTLP-1#9 Critical Warning
Combinatorial Loop Alert  
2 LUT cells form a combinatorial loop. This can create a race condition. Timing analysis may not be accurate. The preferred resolution is to modify the design to remove combinatorial logic loops. If the loop is known and understood, this DRC can be bypassed by acknowledging the condition and setting the following XDC constraint on any one of the nets in the loop: 'set_property ALLOW_COMBINATORIAL_LOOPS TRUE [get_nets <myHier/myNet>]'. One net in the loop is my_otter/pipeline_reg_D_E/alu_src_E_reg_0[11]. Please evaluate your design. The cells in the loop are: my_otter/pipeline_reg_D_E/ALU_result_M[11]_i_1
my_otter/pipeline_reg_D_E/ALU_result_M[11]_i_6.
Related violations: <none>

LUTLP-1#10 Critical Warning
Combinatorial Loop Alert  
2 LUT cells form a combinatorial loop. This can create a race condition. Timing analysis may not be accurate. The preferred resolution is to modify the design to remove combinatorial logic loops. If the loop is known and understood, this DRC can be bypassed by acknowledging the condition and setting the following XDC constraint on any one of the nets in the loop: 'set_property ALLOW_COMBINATORIAL_LOOPS TRUE [get_nets <myHier/myNet>]'. One net in the loop is my_otter/pipeline_reg_D_E/alu_src_E_reg_0[12]. Please evaluate your design. The cells in the loop are: my_otter/pipeline_reg_D_E/ALU_result_M[12]_i_1
my_otter/pipeline_reg_D_E/ALU_result_M[12]_i_6.
Related violations: <none>

LUTLP-1#11 Critical Warning
Combinatorial Loop Alert  
2 LUT cells form a combinatorial loop. This can create a race condition. Timing analysis may not be accurate. The preferred resolution is to modify the design to remove combinatorial logic loops. If the loop is known and understood, this DRC can be bypassed by acknowledging the condition and setting the following XDC constraint on any one of the nets in the loop: 'set_property ALLOW_COMBINATORIAL_LOOPS TRUE [get_nets <myHier/myNet>]'. One net in the loop is my_otter/pipeline_reg_D_E/alu_src_E_reg_0[13]. Please evaluate your design. The cells in the loop are: my_otter/pipeline_reg_D_E/ALU_result_M[13]_i_1
my_otter/pipeline_reg_D_E/ALU_result_M[13]_i_6.
Related violations: <none>

LUTLP-1#12 Critical Warning
Combinatorial Loop Alert  
2 LUT cells form a combinatorial loop. This can create a race condition. Timing analysis may not be accurate. The preferred resolution is to modify the design to remove combinatorial logic loops. If the loop is known and understood, this DRC can be bypassed by acknowledging the condition and setting the following XDC constraint on any one of the nets in the loop: 'set_property ALLOW_COMBINATORIAL_LOOPS TRUE [get_nets <myHier/myNet>]'. One net in the loop is my_otter/pipeline_reg_D_E/alu_src_E_reg_0[14]. Please evaluate your design. The cells in the loop are: my_otter/pipeline_reg_D_E/ALU_result_M[14]_i_1
my_otter/pipeline_reg_D_E/ALU_result_M[14]_i_5.
Related violations: <none>

LUTLP-1#13 Critical Warning
Combinatorial Loop Alert  
2 LUT cells form a combinatorial loop. This can create a race condition. Timing analysis may not be accurate. The preferred resolution is to modify the design to remove combinatorial logic loops. If the loop is known and understood, this DRC can be bypassed by acknowledging the condition and setting the following XDC constraint on any one of the nets in the loop: 'set_property ALLOW_COMBINATORIAL_LOOPS TRUE [get_nets <myHier/myNet>]'. One net in the loop is my_otter/pipeline_reg_D_E/alu_src_E_reg_0[15]. Please evaluate your design. The cells in the loop are: my_otter/pipeline_reg_D_E/ALU_result_M[15]_i_1
my_otter/pipeline_reg_D_E/ALU_result_M[15]_i_6.
Related violations: <none>

LUTLP-1#14 Critical Warning
Combinatorial Loop Alert  
2 LUT cells form a combinatorial loop. This can create a race condition. Timing analysis may not be accurate. The preferred resolution is to modify the design to remove combinatorial logic loops. If the loop is known and understood, this DRC can be bypassed by acknowledging the condition and setting the following XDC constraint on any one of the nets in the loop: 'set_property ALLOW_COMBINATORIAL_LOOPS TRUE [get_nets <myHier/myNet>]'. One net in the loop is my_otter/pipeline_reg_D_E/alu_src_E_reg_0[16]. Please evaluate your design. The cells in the loop are: my_otter/pipeline_reg_D_E/ALU_result_M[16]_i_1
my_otter/pipeline_reg_D_E/ALU_result_M[16]_i_5.
Related violations: <none>

LUTLP-1#15 Critical Warning
Combinatorial Loop Alert  
2 LUT cells form a combinatorial loop. This can create a race condition. Timing analysis may not be accurate. The preferred resolution is to modify the design to remove combinatorial logic loops. If the loop is known and understood, this DRC can be bypassed by acknowledging the condition and setting the following XDC constraint on any one of the nets in the loop: 'set_property ALLOW_COMBINATORIAL_LOOPS TRUE [get_nets <myHier/myNet>]'. One net in the loop is my_otter/pipeline_reg_D_E/alu_src_E_reg_0[17]. Please evaluate your design. The cells in the loop are: my_otter/pipeline_reg_D_E/ALU_result_M[17]_i_1
my_otter/pipeline_reg_D_E/ALU_result_M[17]_i_5.
Related violations: <none>

LUTLP-1#16 Critical Warning
Combinatorial Loop Alert  
2 LUT cells form a combinatorial loop. This can create a race condition. Timing analysis may not be accurate. The preferred resolution is to modify the design to remove combinatorial logic loops. If the loop is known and understood, this DRC can be bypassed by acknowledging the condition and setting the following XDC constraint on any one of the nets in the loop: 'set_property ALLOW_COMBINATORIAL_LOOPS TRUE [get_nets <myHier/myNet>]'. One net in the loop is my_otter/pipeline_reg_D_E/alu_src_E_reg_0[19]. Please evaluate your design. The cells in the loop are: my_otter/pipeline_reg_D_E/ALU_result_M[19]_i_1
my_otter/pipeline_reg_D_E/ALU_result_M[19]_i_5.
Related violations: <none>

LUTLP-1#17 Critical Warning
Combinatorial Loop Alert  
2 LUT cells form a combinatorial loop. This can create a race condition. Timing analysis may not be accurate. The preferred resolution is to modify the design to remove combinatorial logic loops. If the loop is known and understood, this DRC can be bypassed by acknowledging the condition and setting the following XDC constraint on any one of the nets in the loop: 'set_property ALLOW_COMBINATORIAL_LOOPS TRUE [get_nets <myHier/myNet>]'. One net in the loop is my_otter/pipeline_reg_D_E/alu_src_E_reg_0[1]. Please evaluate your design. The cells in the loop are: my_otter/pipeline_reg_D_E/ALU_result_M[1]_i_1
my_otter/pipeline_reg_D_E/ALU_result_M[1]_i_6.
Related violations: <none>

LUTLP-1#18 Critical Warning
Combinatorial Loop Alert  
2 LUT cells form a combinatorial loop. This can create a race condition. Timing analysis may not be accurate. The preferred resolution is to modify the design to remove combinatorial logic loops. If the loop is known and understood, this DRC can be bypassed by acknowledging the condition and setting the following XDC constraint on any one of the nets in the loop: 'set_property ALLOW_COMBINATORIAL_LOOPS TRUE [get_nets <myHier/myNet>]'. One net in the loop is my_otter/pipeline_reg_D_E/alu_src_E_reg_0[20]. Please evaluate your design. The cells in the loop are: my_otter/pipeline_reg_D_E/ALU_result_M[20]_i_1
my_otter/pipeline_reg_D_E/ALU_result_M[20]_i_5.
Related violations: <none>

LUTLP-1#19 Critical Warning
Combinatorial Loop Alert  
2 LUT cells form a combinatorial loop. This can create a race condition. Timing analysis may not be accurate. The preferred resolution is to modify the design to remove combinatorial logic loops. If the loop is known and understood, this DRC can be bypassed by acknowledging the condition and setting the following XDC constraint on any one of the nets in the loop: 'set_property ALLOW_COMBINATORIAL_LOOPS TRUE [get_nets <myHier/myNet>]'. One net in the loop is my_otter/pipeline_reg_D_E/alu_src_E_reg_0[21]. Please evaluate your design. The cells in the loop are: my_otter/pipeline_reg_D_E/ALU_result_M[21]_i_1
my_otter/pipeline_reg_D_E/ALU_result_M[21]_i_6.
Related violations: <none>

LUTLP-1#20 Critical Warning
Combinatorial Loop Alert  
2 LUT cells form a combinatorial loop. This can create a race condition. Timing analysis may not be accurate. The preferred resolution is to modify the design to remove combinatorial logic loops. If the loop is known and understood, this DRC can be bypassed by acknowledging the condition and setting the following XDC constraint on any one of the nets in the loop: 'set_property ALLOW_COMBINATORIAL_LOOPS TRUE [get_nets <myHier/myNet>]'. One net in the loop is my_otter/pipeline_reg_D_E/alu_src_E_reg_0[22]. Please evaluate your design. The cells in the loop are: my_otter/pipeline_reg_D_E/ALU_result_M[22]_i_1
my_otter/pipeline_reg_D_E/ALU_result_M[22]_i_5.
Related violations: <none>

LUTLP-1#21 Critical Warning
Combinatorial Loop Alert  
2 LUT cells form a combinatorial loop. This can create a race condition. Timing analysis may not be accurate. The preferred resolution is to modify the design to remove combinatorial logic loops. If the loop is known and understood, this DRC can be bypassed by acknowledging the condition and setting the following XDC constraint on any one of the nets in the loop: 'set_property ALLOW_COMBINATORIAL_LOOPS TRUE [get_nets <myHier/myNet>]'. One net in the loop is my_otter/pipeline_reg_D_E/alu_src_E_reg_0[24]. Please evaluate your design. The cells in the loop are: my_otter/pipeline_reg_D_E/ALU_result_M[24]_i_1
my_otter/pipeline_reg_D_E/ALU_result_M[24]_i_5.
Related violations: <none>

LUTLP-1#22 Critical Warning
Combinatorial Loop Alert  
2 LUT cells form a combinatorial loop. This can create a race condition. Timing analysis may not be accurate. The preferred resolution is to modify the design to remove combinatorial logic loops. If the loop is known and understood, this DRC can be bypassed by acknowledging the condition and setting the following XDC constraint on any one of the nets in the loop: 'set_property ALLOW_COMBINATORIAL_LOOPS TRUE [get_nets <myHier/myNet>]'. One net in the loop is my_otter/pipeline_reg_D_E/alu_src_E_reg_0[25]. Please evaluate your design. The cells in the loop are: my_otter/pipeline_reg_D_E/ALU_result_M[25]_i_1
my_otter/pipeline_reg_D_E/ALU_result_M[25]_i_6.
Related violations: <none>

LUTLP-1#23 Critical Warning
Combinatorial Loop Alert  
2 LUT cells form a combinatorial loop. This can create a race condition. Timing analysis may not be accurate. The preferred resolution is to modify the design to remove combinatorial logic loops. If the loop is known and understood, this DRC can be bypassed by acknowledging the condition and setting the following XDC constraint on any one of the nets in the loop: 'set_property ALLOW_COMBINATORIAL_LOOPS TRUE [get_nets <myHier/myNet>]'. One net in the loop is my_otter/pipeline_reg_D_E/alu_src_E_reg_0[27]. Please evaluate your design. The cells in the loop are: my_otter/pipeline_reg_D_E/ALU_result_M[27]_i_1
my_otter/pipeline_reg_D_E/ALU_result_M[27]_i_5.
Related violations: <none>

LUTLP-1#24 Critical Warning
Combinatorial Loop Alert  
2 LUT cells form a combinatorial loop. This can create a race condition. Timing analysis may not be accurate. The preferred resolution is to modify the design to remove combinatorial logic loops. If the loop is known and understood, this DRC can be bypassed by acknowledging the condition and setting the following XDC constraint on any one of the nets in the loop: 'set_property ALLOW_COMBINATORIAL_LOOPS TRUE [get_nets <myHier/myNet>]'. One net in the loop is my_otter/pipeline_reg_D_E/alu_src_E_reg_0[28]. Please evaluate your design. The cells in the loop are: my_otter/pipeline_reg_D_E/ALU_result_M[28]_i_1
my_otter/pipeline_reg_D_E/ALU_result_M[28]_i_5.
Related violations: <none>

LUTLP-1#25 Critical Warning
Combinatorial Loop Alert  
2 LUT cells form a combinatorial loop. This can create a race condition. Timing analysis may not be accurate. The preferred resolution is to modify the design to remove combinatorial logic loops. If the loop is known and understood, this DRC can be bypassed by acknowledging the condition and setting the following XDC constraint on any one of the nets in the loop: 'set_property ALLOW_COMBINATORIAL_LOOPS TRUE [get_nets <myHier/myNet>]'. One net in the loop is my_otter/pipeline_reg_D_E/alu_src_E_reg_0[29]. Please evaluate your design. The cells in the loop are: my_otter/pipeline_reg_D_E/ALU_result_M[29]_i_1
my_otter/pipeline_reg_D_E/ALU_result_M[29]_i_6.
Related violations: <none>

LUTLP-1#26 Critical Warning
Combinatorial Loop Alert  
2 LUT cells form a combinatorial loop. This can create a race condition. Timing analysis may not be accurate. The preferred resolution is to modify the design to remove combinatorial logic loops. If the loop is known and understood, this DRC can be bypassed by acknowledging the condition and setting the following XDC constraint on any one of the nets in the loop: 'set_property ALLOW_COMBINATORIAL_LOOPS TRUE [get_nets <myHier/myNet>]'. One net in the loop is my_otter/pipeline_reg_D_E/alu_src_E_reg_0[3]. Please evaluate your design. The cells in the loop are: my_otter/pipeline_reg_D_E/ALU_result_M[3]_i_1
my_otter/pipeline_reg_D_E/ALU_result_M[3]_i_6.
Related violations: <none>

LUTLP-1#27 Critical Warning
Combinatorial Loop Alert  
2 LUT cells form a combinatorial loop. This can create a race condition. Timing analysis may not be accurate. The preferred resolution is to modify the design to remove combinatorial logic loops. If the loop is known and understood, this DRC can be bypassed by acknowledging the condition and setting the following XDC constraint on any one of the nets in the loop: 'set_property ALLOW_COMBINATORIAL_LOOPS TRUE [get_nets <myHier/myNet>]'. One net in the loop is my_otter/pipeline_reg_D_E/alu_src_E_reg_0[4]. Please evaluate your design. The cells in the loop are: my_otter/pipeline_reg_D_E/ALU_result_M[4]_i_1
my_otter/pipeline_reg_D_E/ALU_result_M[4]_i_5.
Related violations: <none>

LUTLP-1#28 Critical Warning
Combinatorial Loop Alert  
2 LUT cells form a combinatorial loop. This can create a race condition. Timing analysis may not be accurate. The preferred resolution is to modify the design to remove combinatorial logic loops. If the loop is known and understood, this DRC can be bypassed by acknowledging the condition and setting the following XDC constraint on any one of the nets in the loop: 'set_property ALLOW_COMBINATORIAL_LOOPS TRUE [get_nets <myHier/myNet>]'. One net in the loop is my_otter/pipeline_reg_D_E/alu_src_E_reg_0[5]. Please evaluate your design. The cells in the loop are: my_otter/pipeline_reg_D_E/ALU_result_M[5]_i_1
my_otter/pipeline_reg_D_E/ALU_result_M[5]_i_6.
Related violations: <none>

LUTLP-1#29 Critical Warning
Combinatorial Loop Alert  
2 LUT cells form a combinatorial loop. This can create a race condition. Timing analysis may not be accurate. The preferred resolution is to modify the design to remove combinatorial logic loops. If the loop is known and understood, this DRC can be bypassed by acknowledging the condition and setting the following XDC constraint on any one of the nets in the loop: 'set_property ALLOW_COMBINATORIAL_LOOPS TRUE [get_nets <myHier/myNet>]'. One net in the loop is my_otter/pipeline_reg_D_E/alu_src_E_reg_0[6]. Please evaluate your design. The cells in the loop are: my_otter/pipeline_reg_D_E/ALU_result_M[6]_i_1
my_otter/pipeline_reg_D_E/ALU_result_M[6]_i_6.
Related violations: <none>

LUTLP-1#30 Critical Warning
Combinatorial Loop Alert  
2 LUT cells form a combinatorial loop. This can create a race condition. Timing analysis may not be accurate. The preferred resolution is to modify the design to remove combinatorial logic loops. If the loop is known and understood, this DRC can be bypassed by acknowledging the condition and setting the following XDC constraint on any one of the nets in the loop: 'set_property ALLOW_COMBINATORIAL_LOOPS TRUE [get_nets <myHier/myNet>]'. One net in the loop is my_otter/pipeline_reg_D_E/alu_src_E_reg_0[7]. Please evaluate your design. The cells in the loop are: my_otter/pipeline_reg_D_E/ALU_result_M[7]_i_1
my_otter/pipeline_reg_D_E/ALU_result_M[7]_i_6.
Related violations: <none>

LUTLP-1#31 Critical Warning
Combinatorial Loop Alert  
2 LUT cells form a combinatorial loop. This can create a race condition. Timing analysis may not be accurate. The preferred resolution is to modify the design to remove combinatorial logic loops. If the loop is known and understood, this DRC can be bypassed by acknowledging the condition and setting the following XDC constraint on any one of the nets in the loop: 'set_property ALLOW_COMBINATORIAL_LOOPS TRUE [get_nets <myHier/myNet>]'. One net in the loop is my_otter/pipeline_reg_D_E/alu_src_E_reg_0[8]. Please evaluate your design. The cells in the loop are: my_otter/pipeline_reg_D_E/ALU_result_M[8]_i_1
my_otter/pipeline_reg_D_E/ALU_result_M[8]_i_5.
Related violations: <none>

LUTLP-1#32 Critical Warning
Combinatorial Loop Alert  
2 LUT cells form a combinatorial loop. This can create a race condition. Timing analysis may not be accurate. The preferred resolution is to modify the design to remove combinatorial logic loops. If the loop is known and understood, this DRC can be bypassed by acknowledging the condition and setting the following XDC constraint on any one of the nets in the loop: 'set_property ALLOW_COMBINATORIAL_LOOPS TRUE [get_nets <myHier/myNet>]'. One net in the loop is my_otter/pipeline_reg_D_E/alu_src_E_reg_0[9]. Please evaluate your design. The cells in the loop are: my_otter/pipeline_reg_D_E/ALU_result_M[9]_i_1
my_otter/pipeline_reg_D_E/ALU_result_M[9]_i_6.
Related violations: <none>

CFGBVS-1#1 Warning
Missing CFGBVS and CONFIG_VOLTAGE Design Properties  
Neither the CFGBVS nor CONFIG_VOLTAGE voltage property is set in the current_design.  Configuration bank voltage select (CFGBVS) must be set to VCCO or GND, and CONFIG_VOLTAGE must be set to the correct configuration voltage, in order to determine the I/O voltage support for the pins in bank 0.  It is suggested to specify these either using the 'Edit Device Properties' function in the GUI or directly in the XDC file using the following syntax:

 set_property CFGBVS value1 [current_design]
 #where value1 is either VCCO or GND

 set_property CONFIG_VOLTAGE value2 [current_design]
 #where value2 is the voltage provided to configuration bank 0

Refer to the device configuration user guide for more information.
Related violations: <none>

DPIP-1#1 Warning
Input pipelining  
DSP my_otter/OTTER_ALU/mult640 input my_otter/OTTER_ALU/mult640/A[29:0] is not pipelined. Pipelining DSP48 input will improve performance.
Related violations: <none>

DPIP-1#2 Warning
Input pipelining  
DSP my_otter/OTTER_ALU/mult640 input my_otter/OTTER_ALU/mult640/B[17:0] is not pipelined. Pipelining DSP48 input will improve performance.
Related violations: <none>

DPIP-1#3 Warning
Input pipelining  
DSP my_otter/OTTER_ALU/mult640__0 input my_otter/OTTER_ALU/mult640__0/A[29:0] is not pipelined. Pipelining DSP48 input will improve performance.
Related violations: <none>

DPIP-1#4 Warning
Input pipelining  
DSP my_otter/OTTER_ALU/mult640__0 input my_otter/OTTER_ALU/mult640__0/B[17:0] is not pipelined. Pipelining DSP48 input will improve performance.
Related violations: <none>

DPIP-1#5 Warning
Input pipelining  
DSP my_otter/OTTER_ALU/mult640__1 input my_otter/OTTER_ALU/mult640__1/A[29:0] is not pipelined. Pipelining DSP48 input will improve performance.
Related violations: <none>

DPIP-1#6 Warning
Input pipelining  
DSP my_otter/OTTER_ALU/mult640__1 input my_otter/OTTER_ALU/mult640__1/B[17:0] is not pipelined. Pipelining DSP48 input will improve performance.
Related violations: <none>

DPIP-1#7 Warning
Input pipelining  
DSP my_otter/OTTER_ALU/mult640__2 input my_otter/OTTER_ALU/mult640__2/A[29:0] is not pipelined. Pipelining DSP48 input will improve performance.
Related violations: <none>

DPIP-1#8 Warning
Input pipelining  
DSP my_otter/OTTER_ALU/mult640__2 input my_otter/OTTER_ALU/mult640__2/B[17:0] is not pipelined. Pipelining DSP48 input will improve performance.
Related violations: <none>

DPIP-1#9 Warning
Input pipelining  
DSP my_otter/OTTER_ALU/mult641 input my_otter/OTTER_ALU/mult641/A[29:0] is not pipelined. Pipelining DSP48 input will improve performance.
Related violations: <none>

DPIP-1#10 Warning
Input pipelining  
DSP my_otter/OTTER_ALU/mult641 input my_otter/OTTER_ALU/mult641/B[17:0] is not pipelined. Pipelining DSP48 input will improve performance.
Related violations: <none>

DPIP-1#11 Warning
Input pipelining  
DSP my_otter/OTTER_ALU/mult641__0 input my_otter/OTTER_ALU/mult641__0/A[29:0] is not pipelined. Pipelining DSP48 input will improve performance.
Related violations: <none>

DPIP-1#12 Warning
Input pipelining  
DSP my_otter/OTTER_ALU/mult641__0 input my_otter/OTTER_ALU/mult641__0/B[17:0] is not pipelined. Pipelining DSP48 input will improve performance.
Related violations: <none>

DPIP-1#13 Warning
Input pipelining  
DSP my_otter/OTTER_ALU/mult641__1 input my_otter/OTTER_ALU/mult641__1/A[29:0] is not pipelined. Pipelining DSP48 input will improve performance.
Related violations: <none>

DPIP-1#14 Warning
Input pipelining  
DSP my_otter/OTTER_ALU/mult641__1 input my_otter/OTTER_ALU/mult641__1/B[17:0] is not pipelined. Pipelining DSP48 input will improve performance.
Related violations: <none>

DPIP-1#15 Warning
Input pipelining  
DSP my_otter/OTTER_ALU/mult641__2 input my_otter/OTTER_ALU/mult641__2/A[29:0] is not pipelined. Pipelining DSP48 input will improve performance.
Related violations: <none>

DPIP-1#16 Warning
Input pipelining  
DSP my_otter/OTTER_ALU/mult641__2 input my_otter/OTTER_ALU/mult641__2/B[17:0] is not pipelined. Pipelining DSP48 input will improve performance.
Related violations: <none>

DPOP-1#1 Warning
PREG Output pipelining  
DSP my_otter/OTTER_ALU/mult640 output my_otter/OTTER_ALU/mult640/P[47:0] is not pipelined (PREG=0). Pipelining the DSP48 output will improve performance and often saves power so it is suggested whenever possible to fully pipeline this function.  If this DSP48 function was inferred, it is suggested to describe an additional register stage after this function.  If the DSP48 was instantiated in the design, it is suggested to set the PREG attribute to 1.
Related violations: <none>

DPOP-1#2 Warning
PREG Output pipelining  
DSP my_otter/OTTER_ALU/mult640__0 output my_otter/OTTER_ALU/mult640__0/P[47:0] is not pipelined (PREG=0). Pipelining the DSP48 output will improve performance and often saves power so it is suggested whenever possible to fully pipeline this function.  If this DSP48 function was inferred, it is suggested to describe an additional register stage after this function.  If the DSP48 was instantiated in the design, it is suggested to set the PREG attribute to 1.
Related violations: <none>

DPOP-1#3 Warning
PREG Output pipelining  
DSP my_otter/OTTER_ALU/mult640__1 output my_otter/OTTER_ALU/mult640__1/P[47:0] is not pipelined (PREG=0). Pipelining the DSP48 output will improve performance and often saves power so it is suggested whenever possible to fully pipeline this function.  If this DSP48 function was inferred, it is suggested to describe an additional register stage after this function.  If the DSP48 was instantiated in the design, it is suggested to set the PREG attribute to 1.
Related violations: <none>

DPOP-1#4 Warning
PREG Output pipelining  
DSP my_otter/OTTER_ALU/mult640__2 output my_otter/OTTER_ALU/mult640__2/P[47:0] is not pipelined (PREG=0). Pipelining the DSP48 output will improve performance and often saves power so it is suggested whenever possible to fully pipeline this function.  If this DSP48 function was inferred, it is suggested to describe an additional register stage after this function.  If the DSP48 was instantiated in the design, it is suggested to set the PREG attribute to 1.
Related violations: <none>

DPOP-1#5 Warning
PREG Output pipelining  
DSP my_otter/OTTER_ALU/mult641 output my_otter/OTTER_ALU/mult641/P[47:0] is not pipelined (PREG=0). Pipelining the DSP48 output will improve performance and often saves power so it is suggested whenever possible to fully pipeline this function.  If this DSP48 function was inferred, it is suggested to describe an additional register stage after this function.  If the DSP48 was instantiated in the design, it is suggested to set the PREG attribute to 1.
Related violations: <none>

DPOP-1#6 Warning
PREG Output pipelining  
DSP my_otter/OTTER_ALU/mult641__0 output my_otter/OTTER_ALU/mult641__0/P[47:0] is not pipelined (PREG=0). Pipelining the DSP48 output will improve performance and often saves power so it is suggested whenever possible to fully pipeline this function.  If this DSP48 function was inferred, it is suggested to describe an additional register stage after this function.  If the DSP48 was instantiated in the design, it is suggested to set the PREG attribute to 1.
Related violations: <none>

DPOP-1#7 Warning
PREG Output pipelining  
DSP my_otter/OTTER_ALU/mult641__1 output my_otter/OTTER_ALU/mult641__1/P[47:0] is not pipelined (PREG=0). Pipelining the DSP48 output will improve performance and often saves power so it is suggested whenever possible to fully pipeline this function.  If this DSP48 function was inferred, it is suggested to describe an additional register stage after this function.  If the DSP48 was instantiated in the design, it is suggested to set the PREG attribute to 1.
Related violations: <none>

DPOP-1#8 Warning
PREG Output pipelining  
DSP my_otter/OTTER_ALU/mult641__2 output my_otter/OTTER_ALU/mult641__2/P[47:0] is not pipelined (PREG=0). Pipelining the DSP48 output will improve performance and often saves power so it is suggested whenever possible to fully pipeline this function.  If this DSP48 function was inferred, it is suggested to describe an additional register stage after this function.  If the DSP48 was instantiated in the design, it is suggested to set the PREG attribute to 1.
Related violations: <none>

DPOP-2#1 Warning
MREG Output pipelining  
DSP my_otter/OTTER_ALU/mult640 multiplier stage my_otter/OTTER_ALU/mult640/P[47:0] is not pipelined (MREG=0). Pipelining the multiplier function will improve performance and will save significant power so it is suggested whenever possible to fully pipeline this function.  If this multiplier was inferred, it is suggested to describe an additional register stage after this function.  If there is no registered adder/accumulator following the multiply function, two pipeline stages are suggested to allow both the MREG and PREG registers to be used.  If the DSP48 was instantiated in the design, it is suggested to set both the MREG and PREG attributes to 1 when performing multiply functions.
Related violations: <none>

DPOP-2#2 Warning
MREG Output pipelining  
DSP my_otter/OTTER_ALU/mult640__0 multiplier stage my_otter/OTTER_ALU/mult640__0/P[47:0] is not pipelined (MREG=0). Pipelining the multiplier function will improve performance and will save significant power so it is suggested whenever possible to fully pipeline this function.  If this multiplier was inferred, it is suggested to describe an additional register stage after this function.  If there is no registered adder/accumulator following the multiply function, two pipeline stages are suggested to allow both the MREG and PREG registers to be used.  If the DSP48 was instantiated in the design, it is suggested to set both the MREG and PREG attributes to 1 when performing multiply functions.
Related violations: <none>

DPOP-2#3 Warning
MREG Output pipelining  
DSP my_otter/OTTER_ALU/mult640__1 multiplier stage my_otter/OTTER_ALU/mult640__1/P[47:0] is not pipelined (MREG=0). Pipelining the multiplier function will improve performance and will save significant power so it is suggested whenever possible to fully pipeline this function.  If this multiplier was inferred, it is suggested to describe an additional register stage after this function.  If there is no registered adder/accumulator following the multiply function, two pipeline stages are suggested to allow both the MREG and PREG registers to be used.  If the DSP48 was instantiated in the design, it is suggested to set both the MREG and PREG attributes to 1 when performing multiply functions.
Related violations: <none>

DPOP-2#4 Warning
MREG Output pipelining  
DSP my_otter/OTTER_ALU/mult640__2 multiplier stage my_otter/OTTER_ALU/mult640__2/P[47:0] is not pipelined (MREG=0). Pipelining the multiplier function will improve performance and will save significant power so it is suggested whenever possible to fully pipeline this function.  If this multiplier was inferred, it is suggested to describe an additional register stage after this function.  If there is no registered adder/accumulator following the multiply function, two pipeline stages are suggested to allow both the MREG and PREG registers to be used.  If the DSP48 was instantiated in the design, it is suggested to set both the MREG and PREG attributes to 1 when performing multiply functions.
Related violations: <none>

DPOP-2#5 Warning
MREG Output pipelining  
DSP my_otter/OTTER_ALU/mult641 multiplier stage my_otter/OTTER_ALU/mult641/P[47:0] is not pipelined (MREG=0). Pipelining the multiplier function will improve performance and will save significant power so it is suggested whenever possible to fully pipeline this function.  If this multiplier was inferred, it is suggested to describe an additional register stage after this function.  If there is no registered adder/accumulator following the multiply function, two pipeline stages are suggested to allow both the MREG and PREG registers to be used.  If the DSP48 was instantiated in the design, it is suggested to set both the MREG and PREG attributes to 1 when performing multiply functions.
Related violations: <none>

DPOP-2#6 Warning
MREG Output pipelining  
DSP my_otter/OTTER_ALU/mult641__0 multiplier stage my_otter/OTTER_ALU/mult641__0/P[47:0] is not pipelined (MREG=0). Pipelining the multiplier function will improve performance and will save significant power so it is suggested whenever possible to fully pipeline this function.  If this multiplier was inferred, it is suggested to describe an additional register stage after this function.  If there is no registered adder/accumulator following the multiply function, two pipeline stages are suggested to allow both the MREG and PREG registers to be used.  If the DSP48 was instantiated in the design, it is suggested to set both the MREG and PREG attributes to 1 when performing multiply functions.
Related violations: <none>

DPOP-2#7 Warning
MREG Output pipelining  
DSP my_otter/OTTER_ALU/mult641__1 multiplier stage my_otter/OTTER_ALU/mult641__1/P[47:0] is not pipelined (MREG=0). Pipelining the multiplier function will improve performance and will save significant power so it is suggested whenever possible to fully pipeline this function.  If this multiplier was inferred, it is suggested to describe an additional register stage after this function.  If there is no registered adder/accumulator following the multiply function, two pipeline stages are suggested to allow both the MREG and PREG registers to be used.  If the DSP48 was instantiated in the design, it is suggested to set both the MREG and PREG attributes to 1 when performing multiply functions.
Related violations: <none>

DPOP-2#8 Warning
MREG Output pipelining  
DSP my_otter/OTTER_ALU/mult641__2 multiplier stage my_otter/OTTER_ALU/mult641__2/P[47:0] is not pipelined (MREG=0). Pipelining the multiplier function will improve performance and will save significant power so it is suggested whenever possible to fully pipeline this function.  If this multiplier was inferred, it is suggested to describe an additional register stage after this function.  If there is no registered adder/accumulator following the multiply function, two pipeline stages are suggested to allow both the MREG and PREG registers to be used.  If the DSP48 was instantiated in the design, it is suggested to set both the MREG and PREG attributes to 1 when performing multiply functions.
Related violations: <none>


