INFO: [VRFC 10-2263] Analyzing SystemVerilog file "/home/danny/Documents/HDL/riscv_pipeline_mcu/rtl/Branch_cond_gen.sv" into library xil_defaultlib
INFO: [VRFC 10-311] analyzing module BranchCondGen
INFO: [VRFC 10-2263] Analyzing SystemVerilog file "/home/danny/Documents/HDL/riscv_pipeline_mcu/rtl/alu.sv" into library xil_defaultlib
INFO: [VRFC 10-311] analyzing module ALU
INFO: [VRFC 10-2263] Analyzing SystemVerilog file "/home/danny/Documents/HDL/riscv_pipeline_mcu/rtl/control_unit.sv" into library xil_defaultlib
INFO: [VRFC 10-311] analyzing module ControlUnit
INFO: [VRFC 10-2263] Analyzing SystemVerilog file "/home/danny/Documents/HDL/riscv_pipeline_mcu/rtl/hazard.sv" into library xil_defaultlib
INFO: [VRFC 10-311] analyzing module HazardUnit
INFO: [VRFC 10-2263] Analyzing SystemVerilog file "/home/danny/Documents/HDL/riscv_pipeline_mcu/rtl/immed_gen.sv" into library xil_defaultlib
INFO: [VRFC 10-311] analyzing module ImmedGen
INFO: [VRFC 10-2263] Analyzing SystemVerilog file "/home/danny/Documents/HDL/riscv_pipeline_mcu/rtl/structs.sv" into library xil_defaultlib
INFO: [VRFC 10-311] analyzing module p_structs
INFO: [VRFC 10-2263] Analyzing SystemVerilog file "/home/danny/Documents/HDL/riscv_pipeline_mcu/rtl/otter_mcu.sv" into library xil_defaultlib
INFO: [VRFC 10-311] analyzing module OTTER_MCU
INFO: [VRFC 10-2263] Analyzing SystemVerilog file "/home/danny/Documents/HDL/riscv_pipeline_mcu/rtl/otter_memory.sv" into library xil_defaultlib
INFO: [VRFC 10-311] analyzing module Memory
INFO: [VRFC 10-2263] Analyzing SystemVerilog file "/home/danny/Documents/HDL/riscv_pipeline_mcu/rtl/otter_wrapper.sv" into library xil_defaultlib
INFO: [VRFC 10-311] analyzing module OTTER_Wrapper
INFO: [VRFC 10-2263] Analyzing SystemVerilog file "/home/danny/Documents/HDL/riscv_pipeline_mcu/rtl/reg_file.sv" into library xil_defaultlib
INFO: [VRFC 10-311] analyzing module RegFile
INFO: [VRFC 10-2263] Analyzing SystemVerilog file "/home/danny/Documents/HDL/riscv_pipeline_mcu/rtl/register_nb.sv" into library xil_defaultlib
INFO: [VRFC 10-311] analyzing module reg_nb
INFO: [VRFC 10-2263] Analyzing SystemVerilog file "/home/danny/Documents/HDL/riscv_pipeline_mcu/rtl/test_pipeline.sv" into library xil_defaultlib
INFO: [VRFC 10-311] analyzing module test_pipeline
